\BOOKMARK [1][-]{section.1}{\376\377\301\034\270\140}{}% 1
\BOOKMARK [1][-]{section.2}{\376\377\307\164\270\140}{}% 2
\BOOKMARK [2][-]{subsection.2.1}{\376\377\256\060\271\204\274\051\306\270\307\130\000\040\301\215\263\304\306\100\000\040\310\004\256\060\307\245\000\040\300\254\307\164\307\130\000\040\255\000\254\304\302\335\000\040\302\030\271\275}{section.2}% 3
\BOOKMARK [2][-]{subsection.2.2}{\376\377\311\310\267\311\000\040\255\154\325\130\256\060}{section.2}% 4
\BOOKMARK [2][-]{subsection.2.3}{\376\377\310\004\325\130\267\311\000\040\255\154\325\130\256\060}{section.2}% 5
\BOOKMARK [1][-]{section.3}{\376\377\302\344\325\330\000\040\274\051\274\225}{}% 6
\BOOKMARK [2][-]{subsection.3.1}{\376\377\325\014\267\253\323\374\307\130\000\040\261\222\307\164\000\040\310\160\310\010\254\374\000\040\302\030\323\311\000\040\271\336\315\224\256\060}{section.3}% 7
\BOOKMARK [2][-]{subsection.3.2}{\376\377\302\344\325\330\302\344\000\040\301\113\323\005\000\040\310\160\310\010}{section.3}% 8
\BOOKMARK [2][-]{subsection.3.3}{\376\377\325\014\270\010\307\164\322\270\000\040\254\004\254\251\000\040\316\041\310\025}{section.3}% 9
\BOOKMARK [2][-]{subsection.3.4}{\376\377\255\021\325\131\000\040\302\334\302\244\321\134\000\040\310\025\270\054}{section.3}% 10
\BOOKMARK [3][-]{subsubsection.3.4.1}{\376\377\255\000\316\041\254\275\307\130\000\040\315\010\310\020\000\040\271\336\315\224\256\060}{subsection.3.4}% 11
\BOOKMARK [3][-]{subsubsection.3.4.2}{\376\377\325\140\270\134\254\220\000\040\325\104\267\174\272\130\322\270\307\130\000\040\315\010\310\020\000\040\271\336\315\224\256\060}{subsection.3.4}% 12
\BOOKMARK [2][-]{subsection.3.5}{\376\377\310\004\305\125\307\130\000\040\310\160\310\010\000\040\274\017\000\040\316\041\310\025}{section.3}% 13
\BOOKMARK [2][-]{subsection.3.6}{\376\377\256\060\271\204\274\051\306\270\000\040\255\000\316\041\000\040\314\124\274\204\307\130\000\040\306\050\263\304\000\040\316\041\310\025}{section.3}% 14
\BOOKMARK [2][-]{subsection.3.7}{}{section.3}% 15
\BOOKMARK [2][-]{subsection.3.8}{\376\377\314\124\274\204\000\040\260\264\270\134\000\040\256\060\271\204\274\051\306\270\000\040\307\040\307\205\302\334\320\244\256\060}{section.3}% 16
\BOOKMARK [2][-]{subsection.3.9}{\376\377\256\060\271\204\274\051\306\270\307\130\000\040\301\040\320\335}{section.3}% 17
\BOOKMARK [2][-]{subsection.3.10}{\376\377\263\160\307\164\321\060\000\040\302\030\311\321}{section.3}% 18
\BOOKMARK [1][-]{section.4}{\376\377\302\344\325\330\000\040\254\260\254\374\000\040\274\017\000\040\325\164\301\035}{}% 19
\BOOKMARK [2][-]{subsection.4.1}{\376\377\302\344\325\330\000\040\263\160\307\164\321\060\000\040\274\017\000\040\275\204\301\035}{section.4}% 20
\BOOKMARK [1][-]{section.5}{\376\377\254\260\270\140}{}% 21
