This is pdfTeX, Version 3.141592653-2.6-1.40.24 (TeX Live 2022) (preloaded format=pdflatex 2023.2.8)  25 MAR 2023 22:53
entering extended mode
 restricted \write18 enabled.
 file:line:error style messages enabled.
 %&-line parsing enabled.
**c:/Users/admin/Coding/LaTeX/modern_physics_experiment/modern_physics_report_1/modern_physics_report_1.tex
(c:/Users/admin/Coding/LaTeX/modern_physics_experiment/modern_physics_report_1/modern_physics_report_1.tex
LaTeX2e <2021-11-15> patch level 1
L3 programming layer <2022-02-24> (./CSUniSchoolLabReport.cls
Document Class: CSUniSchoolLabReport 2022/03/21 Creodocs University/School Laboratory Report Class v4.0
(c:/texlive/2022/texmf-dist/tex/latex/base/article.cls
Document Class: article 2021/10/04 v1.4n Standard LaTeX document class
(c:/texlive/2022/texmf-dist/tex/latex/base/size10.clo
File: size10.clo 2021/10/04 v1.4n Standard LaTeX file (size option)
)
\c@part=\count185
\c@section=\count186
\c@subsection=\count187
\c@subsubsection=\count188
\c@paragraph=\count189
\c@subparagraph=\count190
\c@figure=\count191
\c@table=\count192
\abovecaptionskip=\skip47
\belowcaptionskip=\skip48
\bibindent=\dimen138
) (c:/texlive/2022/texmf-dist/tex/latex/enumitem/enumitem.sty
Package: enumitem 2019/06/20 v3.9 Customized lists
\enitkv@toks@=\toks16
\labelindent=\skip49
\enit@outerparindent=\dimen139
\enit@toks=\toks17
\enit@inbox=\box50
\enit@count@id=\count193
\enitdp@description=\count194
) (c:/texlive/2022/texmf-dist/tex/latex/graphics/graphicx.sty
Package: graphicx 2021/09/16 v1.2d Enhanced LaTeX Graphics (DPC,SPQR)
 (c:/texlive/2022/texmf-dist/tex/latex/graphics/keyval.sty
Package: keyval 2014/10/28 v1.15 key=value parser (DPC)
\KV@toks@=\toks18
) (c:/texlive/2022/texmf-dist/tex/latex/graphics/graphics.sty
Package: graphics 2021/03/04 v1.4d Standard LaTeX Graphics (DPC,SPQR)
 (c:/texlive/2022/texmf-dist/tex/latex/graphics/trig.sty
Package: trig 2021/08/11 v1.11 sin cos tan (DPC)
) (c:/texlive/2022/texmf-dist/tex/latex/graphics-cfg/graphics.cfg
File: graphics.cfg 2016/06/04 v1.11 sample graphics configuration
)
Package graphics Info: Driver file: pdftex.def on input line 107.
 (c:/texlive/2022/texmf-dist/tex/latex/graphics-def/pdftex.def
File: pdftex.def 2020/10/05 v1.2a Graphics/color driver for pdftex
))
\Gin@req@height=\dimen140
\Gin@req@width=\dimen141
) (c:/texlive/2022/texmf-dist/tex/latex/float/float.sty
Package: float 2001/11/08 v1.3d Float enhancements (AL)
\c@float@type=\count195
\float@exts=\toks19
\float@box=\box51
\@float@everytoks=\toks20
\@floatcapt=\box52
) (c:/texlive/2022/texmf-dist/tex/latex/mhchem/mhchem.sty
Package: mhchem 2021/12/31 v4.09 for typesetting chemical formulae
 (c:/texlive/2022/texmf-dist/tex/latex/l3kernel/expl3.sty
Package: expl3 2022-02-24 L3 programming layer (loader) 
 (c:/texlive/2022/texmf-dist/tex/latex/l3backend/l3backend-pdftex.def
File: l3backend-pdftex.def 2022-02-07 L3 backend support: PDF output (pdfTeX)
\l__color_backend_stack_int=\count196
\l__pdf_internal_box=\box53
)) (c:/texlive/2022/texmf-dist/tex/latex/l3packages/l3keys2e/l3keys2e.sty
Package: l3keys2e 2022-01-12 LaTeX2e option processing using LaTeX3 keys
) (c:/texlive/2022/texmf-dist/tex/latex/tools/calc.sty
Package: calc 2017/05/25 v4.3 Infix arithmetic (KKT,FJ)
\calc@Acount=\count197
\calc@Bcount=\count198
\calc@Adimen=\dimen142
\calc@Bdimen=\dimen143
\calc@Askip=\skip50
\calc@Bskip=\skip51
LaTeX Info: Redefining \setlength on input line 80.
LaTeX Info: Redefining \addtolength on input line 81.
\calc@Ccount=\count199
\calc@Cskip=\skip52
) (c:/texlive/2022/texmf-dist/tex/latex/amsmath/amsmath.sty
Package: amsmath 2021/10/15 v2.17l AMS math features
\@mathmargin=\skip53

For additional information on amsmath, use the `?' option.
(c:/texlive/2022/texmf-dist/tex/latex/amsmath/amstext.sty
Package: amstext 2021/08/26 v2.01 AMS text
 (c:/texlive/2022/texmf-dist/tex/latex/amsmath/amsgen.sty
File: amsgen.sty 1999/11/30 v2.0 generic functions
\@emptytoks=\toks21
\ex@=\dimen144
)) (c:/texlive/2022/texmf-dist/tex/latex/amsmath/amsbsy.sty
Package: amsbsy 1999/11/29 v1.2d Bold Symbols
\pmbraise@=\dimen145
) (c:/texlive/2022/texmf-dist/tex/latex/amsmath/amsopn.sty
Package: amsopn 2021/08/26 v2.02 operator names
)
\inf@bad=\count266
LaTeX Info: Redefining \frac on input line 234.
\uproot@=\count267
\leftroot@=\count268
LaTeX Info: Redefining \overline on input line 399.
\classnum@=\count269
\DOTSCASE@=\count270
LaTeX Info: Redefining \ldots on input line 496.
LaTeX Info: Redefining \dots on input line 499.
LaTeX Info: Redefining \cdots on input line 620.
\Mathstrutbox@=\box54
\strutbox@=\box55
\big@size=\dimen146
LaTeX Font Info:    Redeclaring font encoding OML on input line 743.
LaTeX Font Info:    Redeclaring font encoding OMS on input line 744.
\macc@depth=\count271
\c@MaxMatrixCols=\count272
\dotsspace@=\muskip16
\c@parentequation=\count273
\dspbrk@lvl=\count274
\tag@help=\toks22
\row@=\count275
\column@=\count276
\maxfields@=\count277
\andhelp@=\toks23
\eqnshift@=\dimen147
\alignsep@=\dimen148
\tagshift@=\dimen149
\tagwidth@=\dimen150
\totwidth@=\dimen151
\lineht@=\dimen152
\@envbody=\toks24
\multlinegap=\skip54
\multlinetaggap=\skip55
\mathdisplay@stack=\toks25
LaTeX Info: Redefining \[ on input line 2938.
LaTeX Info: Redefining \] on input line 2939.
) (c:/texlive/2022/texmf-dist/tex/latex/chemgreek/chemgreek.sty (c:/texlive/2022/texmf-dist/tex/latex/l3packages/xparse/xparse.sty
Package: xparse 2022-01-12 L3 Experimental document command parser
)
Package: chemgreek 2020/01/16 v1.1a interface for upright Greek letters for use in chemistry (CN)
\l__chemgreek_tmpa_int=\count278
\g__chemgreek_tmpa_int=\count279
)
\l__mhchem_ce_distanceFromLastComma_int=\count280
\__mhchem_arrow_extPgfLength_skip=\skip56
\mhchem@minispace@tmp=\skip57
\mhchem@minibackspace@tmp=\skip58
\mhchem@bondwidth=\skip59
\mhchem@bondheight=\skip60
\mhchem@smallbondwidth@tmpA=\skip61
\mhchem@smallbondwidth@tmpB=\skip62
\mhchem@smallbondwidth=\skip63
\mhchem@bondtmp@minussidebearingleft=\skip64
\mhchem@bondtmp@minussidebearingright=\skip65
\l__mhchem_option_version_int=\count281
\mhchem@option@minusmathsidebearingleft=\dimen153
\mhchem@option@minusmathsidebearingright=\dimen154
\mhchem@option@minustextsidebearingleft=\dimen155
\mhchem@option@minustextsidebearingright=\dimen156


Package mhchem Warning: You did not specify a 'version' option for the mhchem
(mhchem)                package. Please write \usepackage[version=4]{mhchem}
(mhchem)                in your preamble (or any lower number for
(mhchem)                compatibility mode), because you might get slightly
(mhchem)                different output with the same input in future versions.

) (c:/texlive/2022/texmf-dist/tex/latex/siunitx/siunitx.sty
Package: siunitx 2022-02-15 v3.0.49 A comprehensive (SI) units package
\l__siunitx_angle_tmp_dim=\dimen157
\l__siunitx_angle_marker_box=\box56
\l__siunitx_angle_unit_box=\box57
\l__siunitx_compound_count_int=\count282
 (c:/texlive/2022/texmf-dist/tex/latex/translations/translations.sty
Package: translations 2022/02/05 v1.12 internationalization of LaTeX2e packages (CN)
 (c:/texlive/2022/texmf-dist/tex/latex/etoolbox/etoolbox.sty
Package: etoolbox 2020/10/05 v2.5k e-TeX tools for LaTeX (JAW)
\etb@tempcnta=\count283
) (c:/texlive/2022/texmf-dist/tex/generic/pdftexcmds/pdftexcmds.sty
Package: pdftexcmds 2020-06-27 v0.33 Utility functions of pdfTeX for LuaTeX (HO)
 (c:/texlive/2022/texmf-dist/tex/generic/infwarerr/infwarerr.sty
Package: infwarerr 2019/12/03 v1.5 Providing info/warning/error messages (HO)
) (c:/texlive/2022/texmf-dist/tex/generic/iftex/iftex.sty
Package: iftex 2022/02/03 v1.0f TeX engine tests
) (c:/texlive/2022/texmf-dist/tex/generic/ltxcmds/ltxcmds.sty
Package: ltxcmds 2020-05-10 v1.25 LaTeX kernel commands for general use (HO)
)
Package pdftexcmds Info: \pdf@primitive is available.
Package pdftexcmds Info: \pdf@ifprimitive is available.
Package pdftexcmds Info: \pdfdraftmode found.
))
\l__siunitx_number_exponent_fixed_int=\count284
\l__siunitx_number_min_decimal_int=\count285
\l__siunitx_number_min_integer_int=\count286
\l__siunitx_number_round_precision_int=\count287
\l__siunitx_number_group_minimum_int=\count288
\l__siunitx_table_tmp_box=\box58
\l__siunitx_table_tmp_dim=\dimen158
\l__siunitx_table_column_width_dim=\dimen159
\l__siunitx_table_integer_box=\box59
\l__siunitx_table_decimal_box=\box60
\l__siunitx_table_before_box=\box61
\l__siunitx_table_after_box=\box62
\l__siunitx_table_before_dim=\dimen160
\l__siunitx_table_carry_dim=\dimen161
\l__siunitx_unit_tmp_int=\count289
\l__siunitx_unit_position_int=\count290
\l__siunitx_unit_total_int=\count291
 (c:/texlive/2022/texmf-dist/tex/latex/tools/array.sty
Package: array 2021/10/04 v2.5f Tabular extension package (FMi)
\col@sep=\dimen162
\ar@mcellbox=\box63
\extrarowheight=\dimen163
\NC@list=\toks26
\extratabsurround=\skip66
\backup@length=\skip67
\ar@cellbox=\box64
)) (c:/texlive/2022/texmf-dist/tex/latex/geometry/geometry.sty
Package: geometry 2020/01/02 v5.9 Page Geometry
 (c:/texlive/2022/texmf-dist/tex/generic/iftex/ifvtex.sty
Package: ifvtex 2019/10/25 v1.7 ifvtex legacy package. Use iftex instead.
)
\Gm@cnth=\count292
\Gm@cntv=\count293
\c@Gm@tempcnt=\count294
\Gm@bindingoffset=\dimen164
\Gm@wd@mp=\dimen165
\Gm@odd@mp=\dimen166
\Gm@even@mp=\dimen167
\Gm@layoutwidth=\dimen168
\Gm@layoutheight=\dimen169
\Gm@layouthoffset=\dimen170
\Gm@layoutvoffset=\dimen171
\Gm@dimlist=\toks27
) (c:/texlive/2022/texmf-dist/tex/latex/base/fontenc.sty
Package: fontenc 2021/04/29 v2.0v Standard LaTeX package
) (c:/texlive/2022/texmf-dist/tex/latex/base/inputenc.sty
Package: inputenc 2021/02/14 v1.3d Input encoding file
\inpenc@prehook=\toks28
\inpenc@posthook=\toks29
) (c:/texlive/2022/texmf-dist/tex/latex/xcharter/XCharter.sty
Package: XCharter 2022/02/25 v1.22
 `XCharter' v1.22, 2022/02/25 Text macros for XCharter, an extension of Charter (msharpe) (c:/texlive/2022/texmf-dist/tex/latex/base/fontenc.sty
Package: fontenc 2021/04/29 v2.0v Standard LaTeX package
) (c:/texlive/2022/texmf-dist/tex/latex/base/textcomp.sty
Package: textcomp 2020/02/02 v2.0n Standard LaTeX package
)
LaTeX Font Info:    Setting XCharter-LF sub-encoding to TS1/0 on input line 15.
LaTeX Font Info:    Changing XCharter-TLF sub-encoding to TS1/0 on input line 15.
LaTeX Font Info:    Setting XCharter-OsF sub-encoding to TS1/0 on input line 15.
LaTeX Font Info:    Changing XCharter-TOsF sub-encoding to TS1/0 on input line 15.
 (c:/texlive/2022/texmf-dist/tex/latex/xkeyval/xkeyval.sty
Package: xkeyval 2020/11/20 v2.8 package option processing (HA)
 (c:/texlive/2022/texmf-dist/tex/generic/xkeyval/xkeyval.tex (c:/texlive/2022/texmf-dist/tex/generic/xkeyval/xkvutils.tex
\XKV@toks=\toks30
\XKV@tempa@toks=\toks31
)
\XKV@depth=\count295
File: xkeyval.tex 2014/12/03 v2.7a key=value parser (HA)
)) (c:/texlive/2022/texmf-dist/tex/generic/xstring/xstring.sty (c:/texlive/2022/texmf-dist/tex/generic/xstring/xstring.tex
\integerpart=\count296
\decimalpart=\count297
)
Package: xstring 2021/07/21 v1.84 String manipulations (CT)
) (c:/texlive/2022/texmf-dist/tex/latex/base/ifthen.sty
Package: ifthen 2020/11/24 v1.1c Standard LaTeX ifthen package (DPC)
) (c:/texlive/2022/texmf-dist/tex/latex/carlisle/scalefnt.sty)
\xch@cnt=\count298
 (c:/texlive/2022/texmf-dist/tex/latex/fontaxes/fontaxes.sty
Package: fontaxes 2020/07/21 v1.0e Font selection axes
LaTeX Info: Redefining \upshape on input line 29.
LaTeX Info: Redefining \itshape on input line 31.
LaTeX Info: Redefining \slshape on input line 33.
LaTeX Info: Redefining \swshape on input line 35.
LaTeX Info: Redefining \scshape on input line 37.
LaTeX Info: Redefining \sscshape on input line 39.
LaTeX Info: Redefining \ulcshape on input line 41.
LaTeX Info: Redefining \textsw on input line 47.
LaTeX Info: Redefining \textssc on input line 48.
LaTeX Info: Redefining \textulc on input line 49.
)) (c:/texlive/2022/texmf-dist/tex/latex/newtx/newtxmath.sty
Package: newtxmath 2022/01/16 v1.71
 `newtxmath' v1.71, 2022/01/16 Math macros based originally on txfonts (msharpe) (c:/texlive/2022/texmf-dist/tex/generic/iftex/ifxetex.sty
Package: ifxetex 2019/10/25 v0.7 ifxetex legacy package. Use iftex instead.
) (c:/texlive/2022/texmf-dist/tex/generic/iftex/ifluatex.sty
Package: ifluatex 2019/10/25 v1.5 ifluatex legacy package. Use iftex instead.
) (c:/texlive/2022/texmf-dist/tex/latex/oberdiek/centernot.sty
Package: centernot 2016/05/16 v1.4 Centers the not symbol horizontally (HO)
)
\tx@cntz=\count299
 (c:/texlive/2022/texmf-dist/tex/generic/kastrup/binhex.tex)
\tx@Isdigit=\count300
\tx@IsAlNum=\count301
\tx@tA=\toks32
\tx@tB=\toks33
\tx@su=\read2

amsthm NOT loaded
LaTeX Font Info:    Redeclaring symbol font `operators' on input line 376.
LaTeX Font Info:    Overwriting symbol font `operators' in version `normal'
(Font)                  OT1/cmr/m/n --> OT1/XCharter-TLF/m/n on input line 376.
LaTeX Font Info:    Overwriting symbol font `operators' in version `bold'
(Font)                  OT1/cmr/bx/n --> OT1/XCharter-TLF/m/n on input line 376.
LaTeX Font Info:    Overwriting symbol font `operators' in version `bold'
(Font)                  OT1/XCharter-TLF/m/n --> OT1/XCharter-TLF/b/n on input line 377.
LaTeX Font Info:    Redeclaring math alphabet \mathsf on input line 383.
LaTeX Font Info:    Overwriting math alphabet `\mathsf' in version `normal'
(Font)                  OT1/cmss/m/n --> T1/cmss/m/n on input line 383.
LaTeX Font Info:    Overwriting math alphabet `\mathsf' in version `bold'
(Font)                  OT1/cmss/bx/n --> T1/cmss/m/n on input line 383.
LaTeX Font Info:    Redeclaring math alphabet \mathit on input line 384.
LaTeX Font Info:    Overwriting math alphabet `\mathit' in version `normal'
(Font)                  OT1/cmr/m/it --> OT1/XCharter-TLF/m/it on input line 384.
LaTeX Font Info:    Overwriting math alphabet `\mathit' in version `bold'
(Font)                  OT1/cmr/bx/it --> OT1/XCharter-TLF/m/it on input line 384.
LaTeX Font Info:    Redeclaring math alphabet \mathtt on input line 385.
LaTeX Font Info:    Overwriting math alphabet `\mathtt' in version `normal'
(Font)                  OT1/cmtt/m/n --> T1/cmtt/m/n on input line 385.
LaTeX Font Info:    Overwriting math alphabet `\mathtt' in version `bold'
(Font)                  OT1/cmtt/m/n --> T1/cmtt/m/n on input line 385.
LaTeX Font Info:    Redeclaring math alphabet \mathbf on input line 387.
LaTeX Font Info:    Overwriting math alphabet `\mathbf' in version `normal'
(Font)                  OT1/cmr/bx/n --> OT1/XCharter-TLF/b/n on input line 387.
LaTeX Font Info:    Overwriting math alphabet `\mathbf' in version `bold'
(Font)                  OT1/cmr/bx/n --> OT1/XCharter-TLF/b/n on input line 387.
LaTeX Font Info:    Overwriting math alphabet `\mathit' in version `bold'
(Font)                  OT1/XCharter-TLF/m/it --> OT1/XCharter-TLF/b/it on input line 388.
LaTeX Font Info:    Overwriting math alphabet `\mathsf' in version `bold'
(Font)                  T1/cmss/m/n --> T1/cmss/b/n on input line 389.
LaTeX Font Info:    Overwriting math alphabet `\mathtt' in version `bold'
(Font)                  T1/cmtt/m/n --> T1/cmtt/b/n on input line 390.
LaTeX Font Info:    Redeclaring symbol font `letters' on input line 437.
LaTeX Font Info:    Overwriting symbol font `letters' in version `normal'
(Font)                  OML/cmm/m/it --> OML/zchmi/m/it on input line 437.
LaTeX Font Info:    Overwriting symbol font `letters' in version `bold'
(Font)                  OML/cmm/b/it --> OML/zchmi/m/it on input line 437.
LaTeX Font Info:    Overwriting symbol font `letters' in version `bold'
(Font)                  OML/zchmi/m/it --> OML/zchmi/b/it on input line 438.
\symlettersA=\mathgroup4
LaTeX Font Info:    Overwriting symbol font `lettersA' in version `bold'
(Font)                  U/ntxmia/m/it --> U/ntxmia/b/it on input line 547.
Now handling font encoding LMS ...
... no UTF-8 mapping file for font encoding LMS
LaTeX Font Info:    Redeclaring symbol font `symbols' on input line 568.
LaTeX Font Info:    Encoding `OMS' has changed to `LMS' for symbol font
(Font)              `symbols' in the math version `normal' on input line 568.
LaTeX Font Info:    Overwriting symbol font `symbols' in version `normal'
(Font)                  OMS/cmsy/m/n --> LMS/ntxsy/m/n on input line 568.
LaTeX Font Info:    Encoding `OMS' has changed to `LMS' for symbol font
(Font)              `symbols' in the math version `bold' on input line 568.
LaTeX Font Info:    Overwriting symbol font `symbols' in version `bold'
(Font)                  OMS/cmsy/b/n --> LMS/ntxsy/m/n on input line 568.
LaTeX Font Info:    Overwriting symbol font `symbols' in version `bold'
(Font)                  LMS/ntxsy/m/n --> LMS/ntxsy/b/n on input line 569.
\symAMSm=\mathgroup5
LaTeX Font Info:    Overwriting symbol font `AMSm' in version `bold'
(Font)                  U/ntxsym/m/n --> U/ntxsym/b/n on input line 594.
\symsymbolsC=\mathgroup6
LaTeX Font Info:    Overwriting symbol font `symbolsC' in version `bold'
(Font)                  U/ntxsyc/m/n --> U/ntxsyc/b/n on input line 615.
Now handling font encoding LMX ...
... no UTF-8 mapping file for font encoding LMX
LaTeX Font Info:    Redeclaring symbol font `largesymbols' on input line 628.
LaTeX Font Info:    Encoding `OMX' has changed to `LMX' for symbol font
(Font)              `largesymbols' in the math version `normal' on input line 628.
LaTeX Font Info:    Overwriting symbol font `largesymbols' in version `normal'
(Font)                  OMX/cmex/m/n --> LMX/ntxexx/m/n on input line 628.
LaTeX Font Info:    Encoding `OMX' has changed to `LMX' for symbol font
(Font)              `largesymbols' in the math version `bold' on input line 628.
LaTeX Font Info:    Overwriting symbol font `largesymbols' in version `bold'
(Font)                  OMX/cmex/m/n --> LMX/ntxexx/m/n on input line 628.
LaTeX Font Info:    Overwriting symbol font `largesymbols' in version `bold'
(Font)                  LMX/ntxexx/m/n --> LMX/ntxexx/b/n on input line 629.
\symlargesymbolsTXA=\mathgroup7
LaTeX Font Info:    Overwriting symbol font `largesymbolsTXA' in version `bold'
(Font)                  U/ntxexa/m/n --> U/ntxexa/b/n on input line 643.
\tx@sbptoks=\toks34
LaTeX Font Info:    Redeclaring math delimiter \lfloor on input line 866.
LaTeX Font Info:    Redeclaring math delimiter \rfloor on input line 867.
LaTeX Font Info:    Redeclaring math delimiter \lceil on input line 868.
LaTeX Font Info:    Redeclaring math delimiter \rceil on input line 869.
LaTeX Font Info:    Redeclaring math delimiter \lbrace on input line 870.
LaTeX Font Info:    Redeclaring math delimiter \rbrace on input line 871.
LaTeX Font Info:    Redeclaring math delimiter \langle on input line 872.
LaTeX Font Info:    Redeclaring math delimiter \rangle on input line 874.
LaTeX Font Info:    Redeclaring math delimiter \arrowvert on input line 878.
LaTeX Font Info:    Redeclaring math delimiter \vert on input line 879.
LaTeX Font Info:    Redeclaring math symbol \hbar on input line 925.
LaTeX Font Info:    Redeclaring math accent \dot on input line 950.
LaTeX Font Info:    Redeclaring math accent \ddot on input line 951.
LaTeX Font Info:    Redeclaring math accent \vec on input line 2020.
LaTeX Info: Redefining \Bbbk on input line 2810.
LaTeX Info: Redefining \not on input line 2959.
)) (c:/texlive/2022/texmf-dist/tex/latex/biblatex/biblatex.sty
Package: biblatex 2022/02/02 v3.17 programmable bibliographies (PK/MW)
 (c:/texlive/2022/texmf-dist/tex/latex/kvoptions/kvoptions.sty
Package: kvoptions 2020-10-07 v3.14 Key value format for package options (HO)
 (c:/texlive/2022/texmf-dist/tex/generic/kvsetkeys/kvsetkeys.sty
Package: kvsetkeys 2019/12/15 v1.18 Key value parser (HO)
)) (c:/texlive/2022/texmf-dist/tex/latex/logreq/logreq.sty
Package: logreq 2010/08/04 v1.0 xml request logger
\lrq@indent=\count302
 (c:/texlive/2022/texmf-dist/tex/latex/logreq/logreq.def
File: logreq.def 2010/08/04 v1.0 logreq spec v1.0
)) (c:/texlive/2022/texmf-dist/tex/latex/url/url.sty
\Urlmuskip=\muskip17
Package: url 2013/09/16  ver 3.4  Verb mode for urls, etc.
)
\c@tabx@nest=\count303
\c@listtotal=\count304
\c@listcount=\count305
\c@liststart=\count306
\c@liststop=\count307
\c@citecount=\count308
\c@citetotal=\count309
\c@multicitecount=\count310
\c@multicitetotal=\count311
\c@instcount=\count312
\c@maxnames=\count313
\c@minnames=\count314
\c@maxitems=\count315
\c@minitems=\count316
\c@citecounter=\count317
\c@maxcitecounter=\count318
\c@savedcitecounter=\count319
\c@uniquelist=\count320
\c@uniquename=\count321
\c@refsection=\count322
\c@refsegment=\count323
\c@maxextratitle=\count324
\c@maxextratitleyear=\count325
\c@maxextraname=\count326
\c@maxextradate=\count327
\c@maxextraalpha=\count328
\c@abbrvpenalty=\count329
\c@highnamepenalty=\count330
\c@lownamepenalty=\count331
\c@maxparens=\count332
\c@parenlevel=\count333
\blx@tempcnta=\count334
\blx@tempcntb=\count335
\blx@tempcntc=\count336
\c@blx@maxsection=\count337
\c@blx@maxsegment@0=\count338
\blx@notetype=\count339
\blx@parenlevel@text=\count340
\blx@parenlevel@foot=\count341
\c@blx@sectionciteorder@0=\count342
\blx@entrysetcounter=\count343
\blx@biblioinstance=\count344
\labelnumberwidth=\skip68
\labelalphawidth=\skip69
\biblabelsep=\skip70
\bibitemsep=\skip71
\bibnamesep=\skip72
\bibinitsep=\skip73
\bibparsep=\skip74
\bibhang=\skip75
\blx@bcfin=\read3
\blx@bcfout=\write3
\blx@langwohyphens=\language87
\c@mincomprange=\count345
\c@maxcomprange=\count346
\c@mincompwidth=\count347
Package biblatex Info: Trying to load biblatex default data model...
Package biblatex Info: ... file 'blx-dm.def' found.
 (c:/texlive/2022/texmf-dist/tex/latex/biblatex/blx-dm.def
File: blx-dm.def 2022/02/02 v3.17 biblatex localization (PK/MW)
)
Package biblatex Info: Trying to load biblatex citestyle data model...
Package biblatex Info: ... file 'authoryear.dbx' not found.
Package biblatex Info: Trying to load biblatex custom data model...
Package biblatex Info: ... file 'biblatex-dm.cfg' not found.
\c@afterword=\count348
\c@savedafterword=\count349
\c@annotator=\count350
\c@savedannotator=\count351
\c@author=\count352
\c@savedauthor=\count353
\c@bookauthor=\count354
\c@savedbookauthor=\count355
\c@commentator=\count356
\c@savedcommentator=\count357
\c@editor=\count358
\c@savededitor=\count359
\c@editora=\count360
\c@savededitora=\count361
\c@editorb=\count362
\c@savededitorb=\count363
\c@editorc=\count364
\c@savededitorc=\count365
\c@foreword=\count366
\c@savedforeword=\count367
\c@holder=\count368
\c@savedholder=\count369
\c@introduction=\count370
\c@savedintroduction=\count371
\c@namea=\count372
\c@savednamea=\count373
\c@nameb=\count374
\c@savednameb=\count375
\c@namec=\count376
\c@savednamec=\count377
\c@translator=\count378
\c@savedtranslator=\count379
\c@shortauthor=\count380
\c@savedshortauthor=\count381
\c@shorteditor=\count382
\c@savedshorteditor=\count383
\c@labelname=\count384
\c@savedlabelname=\count385
\c@institution=\count386
\c@savedinstitution=\count387
\c@lista=\count388
\c@savedlista=\count389
\c@listb=\count390
\c@savedlistb=\count391
\c@listc=\count392
\c@savedlistc=\count393
\c@listd=\count394
\c@savedlistd=\count395
\c@liste=\count396
\c@savedliste=\count397
\c@listf=\count398
\c@savedlistf=\count399
\c@location=\count400
\c@savedlocation=\count401
\c@organization=\count402
\c@savedorganization=\count403
\c@origlocation=\count404
\c@savedoriglocation=\count405
\c@origpublisher=\count406
\c@savedorigpublisher=\count407
\c@publisher=\count408
\c@savedpublisher=\count409
\c@language=\count410
\c@savedlanguage=\count411
\c@origlanguage=\count412
\c@savedoriglanguage=\count413
\c@pageref=\count414
\c@savedpageref=\count415
\shorthandwidth=\skip76
\shortjournalwidth=\skip77
\shortserieswidth=\skip78
\shorttitlewidth=\skip79
\shortauthorwidth=\skip80
\shorteditorwidth=\skip81
\locallabelnumberwidth=\skip82
\locallabelalphawidth=\skip83
\localshorthandwidth=\skip84
\localshortjournalwidth=\skip85
\localshortserieswidth=\skip86
\localshorttitlewidth=\skip87
\localshortauthorwidth=\skip88
\localshorteditorwidth=\skip89
Package biblatex Info: Trying to load compatibility code...
Package biblatex Info: ... file 'blx-compat.def' found.
 (c:/texlive/2022/texmf-dist/tex/latex/biblatex/blx-compat.def
File: blx-compat.def 2022/02/02 v3.17 biblatex compatibility (PK/MW)
)
Package biblatex Info: Trying to load generic definitions...
Package biblatex Info: ... file 'biblatex.def' found.
 (c:/texlive/2022/texmf-dist/tex/latex/biblatex/biblatex.def
File: biblatex.def 2022/02/02 v3.17 biblatex compatibility (PK/MW)
\c@textcitecount=\count416
\c@textcitetotal=\count417
\c@textcitemaxnames=\count418
\c@biburlbigbreakpenalty=\count419
\c@biburlbreakpenalty=\count420
\c@biburlnumpenalty=\count421
\c@biburlucpenalty=\count422
\c@biburllcpenalty=\count423
\biburlbigskip=\muskip18
\biburlnumskip=\muskip19
\biburlucskip=\muskip20
\biburllcskip=\muskip21
\c@smartand=\count424
)
Package biblatex Info: Trying to load bibliography style 'authoryear'...
Package biblatex Info: ... file 'authoryear.bbx' found.
 (c:/texlive/2022/texmf-dist/tex/latex/biblatex/bbx/authoryear.bbx
File: authoryear.bbx 2022/02/02 v3.17 biblatex bibliography style (PK/MW)
Package biblatex Info: Trying to load bibliography style 'standard'...
Package biblatex Info: ... file 'standard.bbx' found.
 (c:/texlive/2022/texmf-dist/tex/latex/biblatex/bbx/standard.bbx
File: standard.bbx 2022/02/02 v3.17 biblatex bibliography style (PK/MW)
\c@bbx:relatedcount=\count425
\c@bbx:relatedtotal=\count426
))
Package biblatex Info: Trying to load citation style 'authoryear'...
Package biblatex Info: ... file 'authoryear.cbx' found.
 (c:/texlive/2022/texmf-dist/tex/latex/biblatex/cbx/authoryear.cbx
File: authoryear.cbx 2022/02/02 v3.17 biblatex citation style (PK/MW)
Package biblatex Info: Redefining '\cite'.
Package biblatex Info: Redefining '\parencite'.
Package biblatex Info: Redefining '\footcite'.
Package biblatex Info: Redefining '\footcitetext'.
Package biblatex Info: Redefining '\smartcite'.
Package biblatex Info: Redefining '\textcite'.
Package biblatex Info: Redefining '\textcites'.
)
Package biblatex Info: Trying to load configuration file...
Package biblatex Info: ... file 'biblatex.cfg' found.
 (c:/texlive/2022/texmf-dist/tex/latex/biblatex/biblatex.cfg
File: biblatex.cfg 
)
Package biblatex Info: Input encoding 'utf8' detected.
Package biblatex Info: Document encoding is UTF8 ....
Package biblatex Info: ... and expl3
(biblatex)             2022-02-24 L3 programming layer (loader) 
(biblatex)             is new enough (at least 2020/04/06),
(biblatex)             setting 'casechanger=expl3'.
 (c:/texlive/2022/texmf-dist/tex/latex/biblatex/blx-case-expl3.sty
Package: blx-case-expl3 2022/02/02 v3.17 expl3 case changing code for biblatex
)) (c:/texlive/2022/texmf-dist/tex/latex/cjk-ko/kotex.sty
Package: kotex 2015/04/19 v1.6 Korean TeX (ko.TeX)
 (c:/texlive/2022/texmf-dist/tex/latex/kotex-utf/kotex.cfg) (c:/texlive/2022/texmf-dist/tex/latex/kotex-utf/kotexutf.sty
Package: kotexutf 2015/07/18 v2.1.1 typesetting UTF-8 Korean documents
 (c:/texlive/2022/texmf-dist/tex/plain/kotex-plain/kotexutf-core.tex
\unih@ngulpoint=\count427
\dhucs@emph@raise=\dimen172
)
Now handling font encoding LUC ...
... processing UTF-8 mapping file for font encoding LUC
 (c:/texlive/2022/texmf-dist/tex/latex/kotex-utf/lucenc.dfu
File: lucenc.dfu 2007/09/05 UTF-8 support for dhucs
   defining Unicode char U+00B7 (decimal 183)
   defining Unicode char U+2018 (decimal 8216)
   defining Unicode char U+2019 (decimal 8217)
   defining Unicode char U+201C (decimal 8220)
   defining Unicode char U+201D (decimal 8221)
   defining Unicode char U+3001 (decimal 12289)
   defining Unicode char U+3002 (decimal 12290)
   defining Unicode char U+3008 (decimal 12296)
   defining Unicode char U+3009 (decimal 12297)
   defining Unicode char U+300A (decimal 12298)
   defining Unicode char U+300B (decimal 12299)
   defining Unicode char U+300C (decimal 12300)
   defining Unicode char U+300D (decimal 12301)
   defining Unicode char U+300E (decimal 12302)
   defining Unicode char U+300F (decimal 12303)
   defining Unicode char U+3010 (decimal 12304)
   defining Unicode char U+3011 (decimal 12305)
   defining Unicode char U+3014 (decimal 12308)
   defining Unicode char U+3015 (decimal 12309)
   defining Unicode char U+3016 (decimal 12310)
   defining Unicode char U+3017 (decimal 12311)
   defining Unicode char U+3018 (decimal 12312)
   defining Unicode char U+3019 (decimal 12313)
   defining Unicode char U+301A (decimal 12314)
   defining Unicode char U+301B (decimal 12315)
   defining Unicode char U+FF01 (decimal 65281)
   defining Unicode char U+FF08 (decimal 65288)
   defining Unicode char U+FF09 (decimal 65289)
   defining Unicode char U+FF0C (decimal 65292)
   defining Unicode char U+FF0E (decimal 65294)
   defining Unicode char U+FF1A (decimal 65306)
   defining Unicode char U+FF1B (decimal 65307)
   defining Unicode char U+FF1C (decimal 65308)
   defining Unicode char U+FF1D (decimal 65309)
   defining Unicode char U+FF1E (decimal 65310)
   defining Unicode char U+FF1F (decimal 65311)
   defining Unicode char U+FF3B (decimal 65339)
   defining Unicode char U+FF3D (decimal 65341)
   defining Unicode char U+FF5B (decimal 65371)
   defining Unicode char U+FF5D (decimal 65373)
   defining Unicode char U+FF61 (decimal 65377)
   defining Unicode char U+FF62 (decimal 65378)
   defining Unicode char U+FF63 (decimal 65379)
   defining Unicode char U+FF64 (decimal 65380)
   defining Unicode char U+FF65 (decimal 65381)
)
\@josa=\count428
\josatoks=\toks35
 (c:/texlive/2022/texmf-dist/tex/latex/cjk-ko/kolabels-utf.sty
Package: kolabels-utf 2015/03/20 v1.5 UTF-8 Hangul item labels
))) (c:/texlive/2022/texmf-dist/tex/latex/hyperref/hyperref.sty
Package: hyperref 2022-02-21 v7.00n Hypertext links for LaTeX
 (c:/texlive/2022/texmf-dist/tex/generic/kvdefinekeys/kvdefinekeys.sty
Package: kvdefinekeys 2019-12-19 v1.6 Define keys (HO)
) (c:/texlive/2022/texmf-dist/tex/generic/pdfescape/pdfescape.sty
Package: pdfescape 2019/12/09 v1.15 Implements pdfTeX's escape features (HO)
) (c:/texlive/2022/texmf-dist/tex/latex/hycolor/hycolor.sty
Package: hycolor 2020-01-27 v1.10 Color options for hyperref/bookmark (HO)
) (c:/texlive/2022/texmf-dist/tex/latex/letltxmacro/letltxmacro.sty
Package: letltxmacro 2019/12/03 v1.6 Let assignment for LaTeX macros (HO)
) (c:/texlive/2022/texmf-dist/tex/latex/auxhook/auxhook.sty
Package: auxhook 2019-12-17 v1.6 Hooks for auxiliary files (HO)
)
\@linkdim=\dimen173
\Hy@linkcounter=\count429
\Hy@pagecounter=\count430
 (c:/texlive/2022/texmf-dist/tex/latex/hyperref/pd1enc.def
File: pd1enc.def 2022-02-21 v7.00n Hyperref: PDFDocEncoding definition (HO)
Now handling font encoding PD1 ...
... no UTF-8 mapping file for font encoding PD1
) (c:/texlive/2022/texmf-dist/tex/generic/intcalc/intcalc.sty
Package: intcalc 2019/12/15 v1.3 Expandable calculations with integers (HO)
) (c:/texlive/2022/texmf-dist/tex/generic/etexcmds/etexcmds.sty
Package: etexcmds 2019/12/15 v1.7 Avoid name clashes with e-TeX commands (HO)
)
\Hy@SavedSpaceFactor=\count431
 (c:/texlive/2022/texmf-dist/tex/latex/hyperref/puenc.def
File: puenc.def 2022-02-21 v7.00n Hyperref: PDF Unicode definition (HO)
Now handling font encoding PU ...
... no UTF-8 mapping file for font encoding PU
)
Package hyperref Info: Hyper figures OFF on input line 4137.
Package hyperref Info: Link nesting OFF on input line 4142.
Package hyperref Info: Hyper index ON on input line 4145.
Package hyperref Info: Plain pages OFF on input line 4152.
Package hyperref Info: Backreferencing OFF on input line 4157.
Package hyperref Info: Implicit mode ON; LaTeX internals redefined.
Package hyperref Info: Bookmarks ON on input line 4390.
\c@Hy@tempcnt=\count432
LaTeX Info: Redefining \url on input line 4749.
\XeTeXLinkMargin=\dimen174
 (c:/texlive/2022/texmf-dist/tex/generic/bitset/bitset.sty
Package: bitset 2019/12/09 v1.3 Handle bit-vector datatype (HO)
 (c:/texlive/2022/texmf-dist/tex/generic/bigintcalc/bigintcalc.sty
Package: bigintcalc 2019/12/15 v1.5 Expandable calculations on big integers (HO)
))
\Fld@menulength=\count433
\Field@Width=\dimen175
\Fld@charsize=\dimen176
Package hyperref Info: Hyper figures OFF on input line 6027.
Package hyperref Info: Link nesting OFF on input line 6032.
Package hyperref Info: Hyper index ON on input line 6035.
Package hyperref Info: backreferencing OFF on input line 6042.
Package hyperref Info: Link coloring OFF on input line 6047.
Package hyperref Info: Link coloring with OCG OFF on input line 6052.
Package hyperref Info: PDF/A mode OFF on input line 6057.
LaTeX Info: Redefining \ref on input line 6097.
LaTeX Info: Redefining \pageref on input line 6101.
 (c:/texlive/2022/texmf-dist/tex/latex/base/atbegshi-ltx.sty
Package: atbegshi-ltx 2021/01/10 v1.0c Emulation of the original atbegshi
package with kernel methods
)
\Hy@abspage=\count434
\c@Item=\count435
\c@Hfootnote=\count436
)
Package hyperref Info: Driver (autodetected): hpdftex.
 (c:/texlive/2022/texmf-dist/tex/latex/hyperref/hpdftex.def
File: hpdftex.def 2022-02-21 v7.00n Hyperref driver for pdfTeX
 (c:/texlive/2022/texmf-dist/tex/latex/base/atveryend-ltx.sty
Package: atveryend-ltx 2020/08/19 v1.0a Emulation of the original atveryend package
with kernel methods
)
\Fld@listcount=\count437
\c@bookmark@seq@number=\count438
 (c:/texlive/2022/texmf-dist/tex/latex/rerunfilecheck/rerunfilecheck.sty
Package: rerunfilecheck 2019/12/05 v1.9 Rerun checks for auxiliary files (HO)
 (c:/texlive/2022/texmf-dist/tex/generic/uniquecounter/uniquecounter.sty
Package: uniquecounter 2019/12/15 v1.4 Provide unlimited unique counter (HO)
)
Package uniquecounter Info: New unique counter `rerunfilecheck' on input line 286.
)
\Hy@SectionHShift=\skip90
) (c:/texlive/2022/texmf-dist/tex/latex/tools/indentfirst.sty
Package: indentfirst 1995/11/23 v1.03 Indent first paragraph (DPC)
) (c:/texlive/2022/texmf-dist/tex/latex/setspace/setspace.sty
Package: setspace 2011/12/19 v6.7a set line spacing
) (c:/texlive/2022/texmf-dist/tex/latex/multirow/multirow.sty
Package: multirow 2021/03/15 v2.8 Span multiple rows of a table
\multirow@colwidth=\skip91
\multirow@cntb=\count439
\multirow@dima=\skip92
\bigstrutjot=\dimen177
) (c:/texlive/2022/texmf-dist/tex/latex/wrapfig/wrapfig.sty
\wrapoverhang=\dimen178
\WF@size=\dimen179
\c@WF@wrappedlines=\count440
\WF@box=\box65
\WF@everypar=\toks36
Package: wrapfig 2003/01/31  v 3.6
)
Package translations Info: No language package found. I am going to use `english' as default language. on input line 42.
LaTeX Info: Redefining \oldstylenums on input line 42.
LaTeX Font Info:    Trying to load font information for T1+XCharter-TLF on input line 42.
 (c:/texlive/2022/texmf-dist/tex/latex/xcharter/T1XCharter-TLF.fd
File: T1XCharter-TLF.fd 2017/06/25 (autoinst) Font definitions for T1/XCharter-TLF.
)
LaTeX Font Info:    Font shape `T1/XCharter-TLF/m/n' will be
(Font)              scaled to size 9.60007pt on input line 42.
\@quotelevel=\count441
\@quotereset=\count442


LaTeX Warning: Unused global option(s):
    [nanum].

(./modern_physics_report_1.aux)
\openout1 = `modern_physics_report_1.aux'.

LaTeX Font Info:    Checking defaults for OML/zchmi/m/it on input line 42.
LaTeX Font Info:    Trying to load font information for OML+zchmi on input line 42.
 (c:/texlive/2022/texmf-dist/tex/latex/xcharter/omlzchmi.fd
File: omlzchmi.fd 2019/11/21 Fontinst v1.933 font definitions for OML/zchmi.
)
LaTeX Font Info:    ... okay on input line 42.
LaTeX Font Info:    Checking defaults for OMS/cmsy/m/n on input line 42.
LaTeX Font Info:    ... okay on input line 42.
LaTeX Font Info:    Checking defaults for OT1/cmr/m/n on input line 42.
LaTeX Font Info:    ... okay on input line 42.
LaTeX Font Info:    Checking defaults for T1/cmr/m/n on input line 42.
LaTeX Font Info:    ... okay on input line 42.
LaTeX Font Info:    Checking defaults for TS1/cmr/m/n on input line 42.
LaTeX Font Info:    ... okay on input line 42.
LaTeX Font Info:    Checking defaults for OMX/cmex/m/n on input line 42.
LaTeX Font Info:    ... okay on input line 42.
LaTeX Font Info:    Checking defaults for U/ntxexa/m/n on input line 42.
LaTeX Font Info:    Trying to load font information for U+ntxexa on input line 42.
 (c:/texlive/2022/texmf-dist/tex/latex/newtx/untxexa.fd
File: untxexa.fd 2012/04/16 Fontinst v1.933 font definitions for U/ntxexa.
)
LaTeX Font Info:    ... okay on input line 42.
LaTeX Font Info:    Checking defaults for LMS/ntxsy/m/n on input line 42.
LaTeX Font Info:    Trying to load font information for LMS+ntxsy on input line 42.
 (c:/texlive/2022/texmf-dist/tex/latex/newtx/lmsntxsy.fd
File: lmsntxsy.fd 2016/07/02 Fontinst v1.933 font definitions for LMS/ntxsy.
)
LaTeX Font Info:    ... okay on input line 42.
LaTeX Font Info:    Checking defaults for LMX/ntxexx/m/n on input line 42.
LaTeX Font Info:    Trying to load font information for LMX+ntxexx on input line 42.
 (c:/texlive/2022/texmf-dist/tex/latex/newtx/lmxntxexx.fd
File: lmxntxexx.fd 2016/07/03 Fontinst v1.933 font definitions for LMX/ntxexx.
)
LaTeX Font Info:    ... okay on input line 42.
LaTeX Font Info:    Checking defaults for LUC/nanummj/m/n on input line 42.
LaTeX Font Info:    Trying to load font information for LUC+nanummj on input line 42.
 (c:/texlive/2022/texmf-dist/tex/latex/nanumtype1/lucnanummj.fd
File: lucnanummj.fd 2013/02/12 v0.1 Nanum Myeongjo font definitions
)
LaTeX Font Info:    ... okay on input line 42.
LaTeX Font Info:    Checking defaults for PD1/pdf/m/n on input line 42.
LaTeX Font Info:    ... okay on input line 42.
LaTeX Font Info:    Checking defaults for PU/pdf/m/n on input line 42.
LaTeX Font Info:    ... okay on input line 42.
 (c:/texlive/2022/texmf-dist/tex/context/base/mkii/supp-pdf.mkii
[Loading MPS to PDF converter (version 2006.09.02).]
\scratchcounter=\count443
\scratchdimen=\dimen180
\scratchbox=\box66
\nofMPsegments=\count444
\nofMParguments=\count445
\everyMPshowfont=\toks37
\MPscratchCnt=\count446
\MPscratchDim=\dimen181
\MPnumerator=\count447
\makeMPintoPDFobject=\count448
\everyMPtoPDFconversion=\toks38
) (c:/texlive/2022/texmf-dist/tex/latex/epstopdf-pkg/epstopdf-base.sty
Package: epstopdf-base 2020-01-24 v2.11 Base part for package epstopdf
Package epstopdf-base Info: Redefining graphics rule for `.eps' on input line 485.
 (c:/texlive/2022/texmf-dist/tex/latex/latexconfig/epstopdf-sys.cfg
File: epstopdf-sys.cfg 2010/07/13 v1.3 Configuration of (r)epstopdf for TeX Live
))

Package chemgreek Info: Activating mapping `newtx' on line 42.

 (c:/texlive/2022/texmf-dist/tex/latex/graphics/color.sty
Package: color 2021/12/07 v1.3c Standard LaTeX Color (DPC)
 (c:/texlive/2022/texmf-dist/tex/latex/graphics-cfg/color.cfg
File: color.cfg 2016/01/02 v1.6 sample color configuration
)
Package color Info: Driver file: pdftex.def on input line 149.
) (c:/texlive/2022/texmf-dist/tex/latex/translations/translations-basic-dictionary-english.trsl
File: translations-basic-dictionary-english.trsl (english translation file `translations-basic-dictionary')
)
Package translations Info: loading dictionary `translations-basic-dictionary' for `english'. on input line 42.

*geometry* driver: auto-detecting
*geometry* detected driver: pdftex
*geometry* verbose mode - [ preamble ] result:
* driver: pdftex
* paper: a4paper
* layout: <same size as paper>
* layoutoffset:(h,v)=(0.0pt,0.0pt)
* modes: 
* h-part:(L,W,R)=(135.15059pt, 327.2067pt, 135.15059pt)
* v-part:(T,H,B)=(120.92421pt, 610.31161pt, 113.81102pt)
* \paperwidth=597.50787pt
* \paperheight=845.04684pt
* \textwidth=327.2067pt
* \textheight=610.31161pt
* \oddsidemargin=62.8806pt
* \evensidemargin=62.8806pt
* \topmargin=11.65422pt
* \headheight=12.0pt
* \headsep=25.0pt
* \topskip=10.0pt
* \footskip=30.0pt
* \marginparwidth=57.0pt
* \marginparsep=11.0pt
* \columnsep=10.0pt
* \skip\footins=9.0pt plus 4.0pt minus 2.0pt
* \hoffset=0.0pt
* \voffset=0.0pt
* \mag=1000
* \@twocolumnfalse
* \@twosidefalse
* \@mparswitchfalse
* \@reversemarginfalse
* (1in=72.27pt=25.4mm, 1cm=28.453pt)

\c@mv@tabular=\count449
\c@mv@boldtabular=\count450
Package biblatex Info: Trying to load language 'english'...
Package biblatex Info: ... file 'english.lbx' found.
(c:/texlive/2022/texmf-dist/tex/latex/biblatex/lbx/english.lbx
File: english.lbx 2022/02/02 v3.17 biblatex localization (PK/MW)
)
Package biblatex Info: Input encoding 'utf8' detected.
Package biblatex Info: Automatic encoding selection.
(biblatex)             Assuming data encoding 'utf8'.
\openout3 = `modern_physics_report_1.bcf'.

Package biblatex Info: Trying to load bibliographic data...
Package biblatex Info: ... file 'modern_physics_report_1.bbl' found.
 (./modern_physics_report_1.bbl)
Package biblatex Info: Reference section=0 on input line 42.
Package biblatex Info: Reference segment=0 on input line 42.
Package hyperref Info: Link coloring OFF on input line 42.
 (c:/texlive/2022/texmf-dist/tex/latex/hyperref/nameref.sty
Package: nameref 2021-04-02 v2.47 Cross-referencing by name of section
 (c:/texlive/2022/texmf-dist/tex/latex/refcount/refcount.sty
Package: refcount 2019/12/15 v3.6 Data extraction from label references (HO)
) (c:/texlive/2022/texmf-dist/tex/generic/gettitlestring/gettitlestring.sty
Package: gettitlestring 2019/12/15 v1.6 Cleanup title references (HO)
)
\c@section@level=\count451
)
LaTeX Info: Redefining \ref on input line 42.
LaTeX Info: Redefining \pageref on input line 42.
LaTeX Info: Redefining \nameref on input line 42.
 (./modern_physics_report_1.out) (./modern_physics_report_1.out)
\@outlinefile=\write4
\openout4 = `modern_physics_report_1.out'.

LaTeX Font Info:    Font shape `T1/XCharter-TLF/m/n' will be
(Font)              scaled to size 16.58891pt on input line 45.
LaTeX Font Info:    Font shape `T1/XCharter-TLF/m/n' will be
(Font)              scaled to size 11.52008pt on input line 45.
LaTeX Font Info:    Trying to load font information for OT1+XCharter-TLF on input line 45.
 (c:/texlive/2022/texmf-dist/tex/latex/xcharter/OT1XCharter-TLF.fd
File: OT1XCharter-TLF.fd 2017/06/25 (autoinst) Font definitions for OT1/XCharter-TLF.
)
LaTeX Font Info:    Font shape `OT1/XCharter-TLF/m/n' will be
(Font)              scaled to size 11.52008pt on input line 45.
LaTeX Font Info:    Font shape `OT1/XCharter-TLF/m/n' will be
(Font)              scaled to size 8.44806pt on input line 45.
LaTeX Font Info:    Font shape `OT1/XCharter-TLF/m/n' will be
(Font)              scaled to size 6.33604pt on input line 45.
LaTeX Font Info:    Trying to load font information for U+ntxmia on input line 45.
 (c:/texlive/2022/texmf-dist/tex/latex/newtx/untxmia.fd
File: untxmia.fd 2018/04/14 Fontinst v1.933 font definitions for U/ntxmia.
)
LaTeX Font Info:    Trying to load font information for U+ntxsym on input line 45.
 (c:/texlive/2022/texmf-dist/tex/latex/newtx/untxsym.fd
File: untxsym.fd 2015/03/20 Fontinst v1.933 font definitions for U/ntxsym.
)
LaTeX Font Info:    Trying to load font information for U+ntxsyc on input line 45.
 (c:/texlive/2022/texmf-dist/tex/latex/newtx/untxsyc.fd
File: untxsyc.fd 2012/04/12 Fontinst v1.933 font definitions for U/ntxsyc.
)
LaTeX Font Info:    Font shape `T1/XCharter-TLF/m/sc' will be
(Font)              scaled to size 11.52008pt on input line 45.
LaTeX Font Info:    Font shape `OT1/XCharter-TLF/m/n' will be
(Font)              scaled to size 9.60007pt on input line 47.
LaTeX Font Info:    Font shape `OT1/XCharter-TLF/m/n' will be
(Font)              scaled to size 7.00804pt on input line 47.
LaTeX Font Info:    Font shape `OT1/XCharter-TLF/m/n' will be
(Font)              scaled to size 5.28003pt on input line 47.
LaTeX Font Info:    Font shape `T1/XCharter-TLF/m/n' will be
(Font)              scaled to size 13.82408pt on input line 68.
LaTeX Font Info:    Font shape `T1/XCharter-TLF/b/n' will be
(Font)              scaled to size 13.82408pt on input line 68.
LaTeX Font Info:    Font shape `LUC/nanummj/b/n' in size <14.4> not available
(Font)              Font shape `LUC/nanummj/bx/n' tried instead on input line 68.
 [1

{c:/texlive/2022/texmf-var/fonts/map/pdftex/updmap/pdftex.map}]
LaTeX Font Info:    Font shape `T1/XCharter-TLF/b/n' will be
(Font)              scaled to size 11.52008pt on input line 84.
LaTeX Font Info:    Font shape `LUC/nanummj/b/n' in size <12> not available
(Font)              Font shape `LUC/nanummj/bx/n' tried instead on input line 84.
 [2] [3]
Package epstopdf Info: Source file: <fig1.eps>
(epstopdf)                    date: 2023-03-23 00:50:38
(epstopdf)                    size: 34515868 bytes
(epstopdf)             Output file: <fig1-eps-converted-to.pdf>
(epstopdf)                    date: 2023-03-23 00:51:15
(epstopdf)                    size: 2807265 bytes
(epstopdf)             Command: <repstopdf --outfile=fig1-eps-converted-to.pdf fig1.eps>
(epstopdf)             \includegraphics on input line 174.
Package epstopdf Info: Output file is already uptodate.
<fig1-eps-converted-to.pdf, id=178, 728.7225pt x 728.7225pt>
File: fig1-eps-converted-to.pdf Graphic file (type pdf)
<use fig1-eps-converted-to.pdf>
Package pdftex.def Info: fig1-eps-converted-to.pdf  used on input line 174.
(pdftex.def)             Requested size: 142.26378pt x 142.26154pt.
 [4]
Package epstopdf Info: Source file: <fig2.eps>
(epstopdf)                    date: 2023-03-22 23:51:11
(epstopdf)                    size: 55576873 bytes
(epstopdf)             Output file: <fig2-eps-converted-to.pdf>
(epstopdf)                    date: 2023-03-23 00:51:21
(epstopdf)                    size: 2572275 bytes
(epstopdf)             Command: <repstopdf --outfile=fig2-eps-converted-to.pdf fig2.eps>
(epstopdf)             \includegraphics on input line 195.
Package epstopdf Info: Output file is already uptodate.
<fig2-eps-converted-to.pdf, id=191, 3035.34pt x 3035.34pt>
File: fig2-eps-converted-to.pdf Graphic file (type pdf)
<use fig2-eps-converted-to.pdf>
Package pdftex.def Info: fig2-eps-converted-to.pdf  used on input line 195.
(pdftex.def)             Requested size: 142.26378pt x 142.2349pt.
 [5 <./fig1-eps-converted-to.pdf> <./fig2-eps-converted-to.pdf>]
Package epstopdf Info: Source file: <fig3.eps>
(epstopdf)                    date: 2023-03-23 00:27:25
(epstopdf)                    size: 55577009 bytes
(epstopdf)             Output file: <fig3-eps-converted-to.pdf>
(epstopdf)                    date: 2023-03-23 00:51:26
(epstopdf)                    size: 2985708 bytes
(epstopdf)             Command: <repstopdf --outfile=fig3-eps-converted-to.pdf fig3.eps>
(epstopdf)             \includegraphics on input line 204.
Package epstopdf Info: Output file is already uptodate.
<fig3-eps-converted-to.pdf, id=208, 3035.34pt x 3035.34pt>
File: fig3-eps-converted-to.pdf Graphic file (type pdf)
<use fig3-eps-converted-to.pdf>
Package pdftex.def Info: fig3-eps-converted-to.pdf  used on input line 204.
(pdftex.def)             Requested size: 142.26378pt x 142.2349pt.
LaTeX Font Info:    Font shape `T1/XCharter-TLF/b/n' will be
(Font)              scaled to size 9.60007pt on input line 213.
LaTeX Font Info:    Font shape `LUC/nanummj/b/n' in size <10> not available
(Font)              Font shape `LUC/nanummj/bx/n' tried instead on input line 213.
 [6 <./fig3-eps-converted-to.pdf>]
Package epstopdf Info: Source file: <fig4.eps>
(epstopdf)                    date: 2023-03-23 00:46:24
(epstopdf)                    size: 34471393 bytes
(epstopdf)             Output file: <fig4-eps-converted-to.pdf>
(epstopdf)                    date: 2023-03-23 00:51:30
(epstopdf)                    size: 2154302 bytes
(epstopdf)             Command: <repstopdf --outfile=fig4-eps-converted-to.pdf fig4.eps>
(epstopdf)             \includegraphics on input line 238.
Package epstopdf Info: Output file is already uptodate.
<fig4-eps-converted-to.pdf, id=226, 728.7225pt x 728.7225pt>
File: fig4-eps-converted-to.pdf Graphic file (type pdf)
<use fig4-eps-converted-to.pdf>
Package pdftex.def Info: fig4-eps-converted-to.pdf  used on input line 238.
(pdftex.def)             Requested size: 142.26378pt x 142.26154pt.
Package epstopdf Info: Source file: <fig5.eps>
(epstopdf)                    date: 2023-03-23 01:25:01
(epstopdf)                    size: 34025235 bytes
(epstopdf)             Output file: <fig5-eps-converted-to.pdf>
(epstopdf)                    date: 2023-03-23 01:51:19
(epstopdf)                    size: 1835183 bytes
(epstopdf)             Command: <repstopdf --outfile=fig5-eps-converted-to.pdf fig5.eps>
(epstopdf)             \includegraphics on input line 247.
Package epstopdf Info: Output file is already uptodate.
<fig5-eps-converted-to.pdf, id=227, 728.7225pt x 728.7225pt>
File: fig5-eps-converted-to.pdf Graphic file (type pdf)
<use fig5-eps-converted-to.pdf>
Package pdftex.def Info: fig5-eps-converted-to.pdf  used on input line 247.
(pdftex.def)             Requested size: 142.26378pt x 142.26154pt.
 [7 <./fig4-eps-converted-to.pdf>]
Package epstopdf Info: Source file: <fig6.eps>
(epstopdf)                    date: 2023-03-23 01:25:43
(epstopdf)                    size: 34635868 bytes
(epstopdf)             Output file: <fig6-eps-converted-to.pdf>
(epstopdf)                    date: 2023-03-23 01:51:22
(epstopdf)                    size: 2467554 bytes
(epstopdf)             Command: <repstopdf --outfile=fig6-eps-converted-to.pdf fig6.eps>
(epstopdf)             \includegraphics on input line 261.
Package epstopdf Info: Output file is already uptodate.
<fig6-eps-converted-to.pdf, id=246, 728.7225pt x 728.7225pt>
File: fig6-eps-converted-to.pdf Graphic file (type pdf)
<use fig6-eps-converted-to.pdf>
Package pdftex.def Info: fig6-eps-converted-to.pdf  used on input line 261.
(pdftex.def)             Requested size: 142.26378pt x 142.26154pt.
Package epstopdf Info: Source file: <fig7.eps>
(epstopdf)                    date: 2023-03-23 01:28:12
(epstopdf)                    size: 34614173 bytes
(epstopdf)             Output file: <fig7-eps-converted-to.pdf>
(epstopdf)                    date: 2023-03-23 01:51:26
(epstopdf)                    size: 2178558 bytes
(epstopdf)             Command: <repstopdf --outfile=fig7-eps-converted-to.pdf fig7.eps>
(epstopdf)             \includegraphics on input line 270.
Package epstopdf Info: Output file is already uptodate.
<fig7-eps-converted-to.pdf, id=247, 728.7225pt x 728.7225pt>
File: fig7-eps-converted-to.pdf Graphic file (type pdf)
<use fig7-eps-converted-to.pdf>
Package pdftex.def Info: fig7-eps-converted-to.pdf  used on input line 270.
(pdftex.def)             Requested size: 142.26378pt x 142.26154pt.
Package epstopdf Info: Source file: <fig8.eps>
(epstopdf)                    date: 2023-03-23 01:30:45
(epstopdf)                    size: 34520848 bytes
(epstopdf)             Output file: <fig8-eps-converted-to.pdf>
(epstopdf)                    date: 2023-03-23 01:51:30
(epstopdf)                    size: 2358430 bytes
(epstopdf)             Command: <repstopdf --outfile=fig8-eps-converted-to.pdf fig8.eps>
(epstopdf)             \includegraphics on input line 277.
Package epstopdf Info: Output file is already uptodate.
<fig8-eps-converted-to.pdf, id=248, 728.7225pt x 728.7225pt>
File: fig8-eps-converted-to.pdf Graphic file (type pdf)
<use fig8-eps-converted-to.pdf>
Package pdftex.def Info: fig8-eps-converted-to.pdf  used on input line 277.
(pdftex.def)             Requested size: 142.26378pt x 142.26154pt.
Package epstopdf Info: Source file: <fig9.eps>
(epstopdf)                    date: 2023-03-23 01:31:10
(epstopdf)                    size: 34731801 bytes
(epstopdf)             Output file: <fig9-eps-converted-to.pdf>
(epstopdf)                    date: 2023-03-23 01:51:34
(epstopdf)                    size: 2437453 bytes
(epstopdf)             Command: <repstopdf --outfile=fig9-eps-converted-to.pdf fig9.eps>
(epstopdf)             \includegraphics on input line 284.
Package epstopdf Info: Output file is already uptodate.
<fig9-eps-converted-to.pdf, id=249, 728.7225pt x 728.7225pt>
File: fig9-eps-converted-to.pdf Graphic file (type pdf)
<use fig9-eps-converted-to.pdf>
Package pdftex.def Info: fig9-eps-converted-to.pdf  used on input line 284.
(pdftex.def)             Requested size: 142.26378pt x 142.26154pt.
Package epstopdf Info: Source file: <fig10.eps>
(epstopdf)                    date: 2023-03-23 01:31:27
(epstopdf)                    size: 34029601 bytes
(epstopdf)             Output file: <fig10-eps-converted-to.pdf>
(epstopdf)                    date: 2023-03-23 01:51:37
(epstopdf)                    size: 1838537 bytes
(epstopdf)             Command: <repstopdf --outfile=fig10-eps-converted-to.pdf fig10.eps>
(epstopdf)             \includegraphics on input line 299.
Package epstopdf Info: Output file is already uptodate.
<fig10-eps-converted-to.pdf, id=250, 728.7225pt x 728.7225pt>
File: fig10-eps-converted-to.pdf Graphic file (type pdf)
<use fig10-eps-converted-to.pdf>
Package pdftex.def Info: fig10-eps-converted-to.pdf  used on input line 299.
(pdftex.def)             Requested size: 142.26378pt x 142.26154pt.
 [8 <./fig5-eps-converted-to.pdf> <./fig6-eps-converted-to.pdf>] [9 <./fig7-eps-converted-to.pdf> <./fig8-eps-converted-to.pdf> <./fig9-eps-converted-to.pdf>]
Package epstopdf Info: Source file: <fig11.eps>
(epstopdf)                    date: 2023-03-23 01:31:55
(epstopdf)                    size: 34447850 bytes
(epstopdf)             Output file: <fig11-eps-converted-to.pdf>
(epstopdf)                    date: 2023-03-23 01:51:40
(epstopdf)                    size: 2002926 bytes
(epstopdf)             Command: <repstopdf --outfile=fig11-eps-converted-to.pdf fig11.eps>
(epstopdf)             \includegraphics on input line 318.
Package epstopdf Info: Output file is already uptodate.
<fig11-eps-converted-to.pdf, id=280, 728.7225pt x 728.7225pt>
File: fig11-eps-converted-to.pdf Graphic file (type pdf)
<use fig11-eps-converted-to.pdf>
Package pdftex.def Info: fig11-eps-converted-to.pdf  used on input line 318.
(pdftex.def)             Requested size: 142.26378pt x 142.26154pt.
Package epstopdf Info: Source file: <fig12.eps>
(epstopdf)                    date: 2023-03-23 01:33:04
(epstopdf)                    size: 34501319 bytes
(epstopdf)             Output file: <fig12-eps-converted-to.pdf>
(epstopdf)                    date: 2023-03-23 01:51:44
(epstopdf)                    size: 2273430 bytes
(epstopdf)             Command: <repstopdf --outfile=fig12-eps-converted-to.pdf fig12.eps>
(epstopdf)             \includegraphics on input line 325.
Package epstopdf Info: Output file is already uptodate.
<fig12-eps-converted-to.pdf, id=281, 728.7225pt x 728.7225pt>
File: fig12-eps-converted-to.pdf Graphic file (type pdf)
<use fig12-eps-converted-to.pdf>
Package pdftex.def Info: fig12-eps-converted-to.pdf  used on input line 325.
(pdftex.def)             Requested size: 142.26378pt x 142.26154pt.
 [10 <./fig10-eps-converted-to.pdf> <./fig11-eps-converted-to.pdf>]
Package epstopdf Info: Source file: <fig13.eps>
(epstopdf)                    date: 2023-03-23 01:33:27
(epstopdf)                    size: 28026991 bytes
(epstopdf)             Output file: <fig13-eps-converted-to.pdf>
(epstopdf)                    date: 2023-03-23 01:51:47
(epstopdf)                    size: 1174942 bytes
(epstopdf)             Command: <repstopdf --outfile=fig13-eps-converted-to.pdf fig13.eps>
(epstopdf)             \includegraphics on input line 339.
Package epstopdf Info: Output file is already uptodate.
<fig13-eps-converted-to.pdf, id=297, 728.7225pt x 728.7225pt>
File: fig13-eps-converted-to.pdf Graphic file (type pdf)
<use fig13-eps-converted-to.pdf>
Package pdftex.def Info: fig13-eps-converted-to.pdf  used on input line 339.
(pdftex.def)             Requested size: 142.26378pt x 142.26154pt.
 [11 <./fig12-eps-converted-to.pdf> <./fig13-eps-converted-to.pdf>]
Package epstopdf Info: Source file: <data_graph.eps>
(epstopdf)                    date: 2023-03-25 22:39:46
(epstopdf)                    size: 42868 bytes
(epstopdf)             Output file: <data_graph-eps-converted-to.pdf>
(epstopdf)                    date: 2023-03-25 22:40:36
(epstopdf)                    size: 18429 bytes
(epstopdf)             Command: <repstopdf --outfile=data_graph-eps-converted-to.pdf data_graph.eps>
(epstopdf)             \includegraphics on input line 421.
Package epstopdf Info: Output file is already uptodate.
<data_graph-eps-converted-to.pdf, id=310, 845.1575pt x 597.23125pt>
File: data_graph-eps-converted-to.pdf Graphic file (type pdf)
<use data_graph-eps-converted-to.pdf>
Package pdftex.def Info: data_graph-eps-converted-to.pdf  used on input line 421.
(pdftex.def)             Requested size: 256.0748pt x 144.49289pt.
 [12] [13 <./data_graph-eps-converted-to.pdf>]

LaTeX Warning: Empty bibliography on input line 442.

[14] (./modern_physics_report_1.aux)
Package rerunfilecheck Info: File `modern_physics_report_1.out' has not changed.
(rerunfilecheck)             Checksum: D08DD1B2E9E7F53D8812EDAC0DB4A0FA;2752.
Package logreq Info: Writing requests to 'modern_physics_report_1.run.xml'.
\openout1 = `modern_physics_report_1.run.xml'.

 ) 
Here is how much of TeX's memory you used:
 25910 strings out of 478268
 487528 string characters out of 5850346
 1168503 words of memory out of 5000000
 43588 multiletter control sequences out of 15000+600000
 588422 words of font info for 208 fonts, out of 8000000 for 9000
 1141 hyphenation exceptions out of 8191
 86i,13n,91p,1556b,1079s stack positions out of 10000i,1000n,20000p,200000b,200000s
{c:/texlive/2022/texmf-dist/fonts/enc/dvips/xcharter/xch_ttjfqt.enc}{c:/texlive/2022/texmf-dist/fonts/enc/dvips/xcharter/xch_rydp4l.enc}{c:/texlive/2022/texmf-dist/fonts/enc/dvips/xcharter/xch_yelf2i.enc}<c:/texlive/2022/texmf-dist/fonts/type1/public/xcharter/XCharter-Bold.pfb><c:/texlive/2022/texmf-dist/fonts/type1/public/xcharter/XCharter-Roman.pfb><c:/texlive/2022/texmf-dist/fonts/type1/public/xcharter/XCharterMathMI.pfb><c:/texlive/2022/texmf-dist/fonts/type1/public/xcharter/XCharterMathRM.pfb><c:/texlive/2022/texmf-dist/fonts/type1/public/nanumtype1/nanummjbac.pfb><c:/texlive/2022/texmf-dist/fonts/type1/public/nanumtype1/nanummjbad.pfb><c:/texlive/2022/texmf-dist/fonts/type1/public/nanumtype1/nanummjbae.pfb><c:/texlive/2022/texmf-dist/fonts/type1/public/nanumtype1/nanummjbb0.pfb><c:/texlive/2022/texmf-dist/fonts/type1/public/nanumtype1/nanummjbb1.pfb><c:/texlive/2022/texmf-dist/fonts/type1/public/nanumtype1/nanummjbb3.pfb><c:/texlive/2022/texmf-dist/fonts/type1/public/nanumtype1/nanummjbb7.pfb><c:/texlive/2022/texmf-dist/fonts/type1/public/nanumtype1/nanummjbb8.pfb><c:/texlive/2022/texmf-dist/fonts/type1/public/nanumtype1/nanummjbb9.pfb><c:/texlive/2022/texmf-dist/fonts/type1/public/nanumtype1/nanummjbba.pfb><c:/texlive/2022/texmf-dist/fonts/type1/public/nanumtype1/nanummjbbc.pfb><c:/texlive/2022/texmf-dist/fonts/type1/public/nanumtype1/nanummjbbd.pfb><c:/texlive/2022/texmf-dist/fonts/type1/public/nanumtype1/nanummjbc0.pfb><c:/texlive/2022/texmf-dist/fonts/type1/public/nanumtype1/nanummjbc1.pfb><c:/texlive/2022/texmf-dist/fonts/type1/public/nanumtype1/nanummjbc2.pfb><c:/texlive/2022/texmf-dist/fonts/type1/public/nanumtype1/nanummjbc5.pfb><c:/texlive/2022/texmf-dist/fonts/type1/public/nanumtype1/nanummjbc6.pfb><c:/texlive/2022/texmf-dist/fonts/type1/public/nanumtype1/nanummjbc7.pfb><c:/texlive/2022/texmf-dist/fonts/type1/public/nanumtype1/nanummjbc8.pfb><c:/texlive/2022/texmf-dist/fonts/type1/public/nanumtype1/nanummjbc9.pfb><c:/texlive/2022/texmf-dist/fonts/type1/public/nanumtype1/nanummjbcc.pfb><c:/texlive/2022/texmf-dist/fonts/type1/public/nanumtype1/nanummjbcd.pfb><c:/texlive/2022/texmf-dist/fonts/type1/public/nanumtype1/nanummjbce.pfb><c:/texlive/2022/texmf-dist/fonts/type1/public/nanumtype1/nanummjbd0.pfb><c:/texlive/2022/texmf-dist/fonts/type1/public/nanumtype1/nanummjbd1.pfb><c:/texlive/2022/texmf-dist/fonts/type1/public/nanumtype1/nanummjbd2.pfb><c:/texlive/2022/texmf-dist/fonts/type1/public/nanumtype1/nanummjbd3.pfb><c:/texlive/2022/texmf-dist/fonts/type1/public/nanumtype1/nanummjbd5.pfb><c:/texlive/2022/texmf-dist/fonts/type1/public/nanumtype1/nanummjmac.pfb><c:/texlive/2022/texmf-dist/fonts/type1/public/nanumtype1/nanummjmad.pfb><c:/texlive/2022/texmf-dist/fonts/type1/public/nanumtype1/nanummjmae.pfb><c:/texlive/2022/texmf-dist/fonts/type1/public/nanumtype1/nanummjmaf.pfb><c:/texlive/2022/texmf-dist/fonts/type1/public/nanumtype1/nanummjmb0.pfb><c:/texlive/2022/texmf-dist/fonts/type1/public/nanumtype1/nanummjmb1.pfb><c:/texlive/2022/texmf-dist/fonts/type1/public/nanumtype1/nanummjmb2.pfb><c:/texlive/2022/texmf-dist/fonts/type1/public/nanumtype1/nanummjmb3.pfb><c:/texlive/2022/texmf-dist/fonts/type1/public/nanumtype1/nanummjmb4.pfb><c:/texlive/2022/texmf-dist/fonts/type1/public/nanumtype1/nanummjmb5.pfb><c:/texlive/2022/texmf-dist/fonts/type1/public/nanumtype1/nanummjmb6.pfb><c:/texlive/2022/texmf-dist/fonts/type1/public/nanumtype1/nanummjmb7.pfb><c:/texlive/2022/texmf-dist/fonts/type1/public/nanumtype1/nanummjmb8.pfb><c:/texlive/2022/texmf-dist/fonts/type1/public/nanumtype1/nanummjmb9.pfb><c:/texlive/2022/texmf-dist/fonts/type1/public/nanumtype1/nanummjmba.pfb><c:/texlive/2022/texmf-dist/fonts/type1/public/nanumtype1/nanummjmbb.pfb><c:/texlive/2022/texmf-dist/fonts/type1/public/nanumtype1/nanummjmbc.pfb><c:/texlive/2022/texmf-dist/fonts/type1/public/nanumtype1/nanummjmbd.pfb><c:/texlive/2022/texmf-dist/fonts/type1/public/nanumtype1/nanummjmbe.pfb><c:/texlive/2022/texmf-dist/fonts/type1/public/nanumtype1/nanummjmc0.pfb><c:/texlive/2022/texmf-dist/fonts/type1/public/nanumtype1/nanummjmc1.pfb><c:/texlive/2022/texmf-dist/fonts/type1/public/nanumtype1/nanummjmc2.pfb><c:/texlive/2022/texmf-dist/fonts/type1/public/nanumtype1/nanummjmc3.pfb><c:/texlive/2022/texmf-dist/fonts/type1/public/nanumtype1/nanummjmc5.pfb><c:/texlive/2022/texmf-dist/fonts/type1/public/nanumtype1/nanummjmc6.pfb><c:/texlive/2022/texmf-dist/fonts/type1/public/nanumtype1/nanummjmc7.pfb><c:/texlive/2022/texmf-dist/fonts/type1/public/nanumtype1/nanummjmc8.pfb><c:/texlive/2022/texmf-dist/fonts/type1/public/nanumtype1/nanummjmc9.pfb><c:/texlive/2022/texmf-dist/fonts/type1/public/nanumtype1/nanummjmca.pfb><c:/texlive/2022/texmf-dist/fonts/type1/public/nanumtype1/nanummjmcc.pfb><c:/texlive/2022/texmf-dist/fonts/type1/public/nanumtype1/nanummjmcd.pfb><c:/texlive/2022/texmf-dist/fonts/type1/public/nanumtype1/nanummjmce.pfb><c:/texlive/2022/texmf-dist/fonts/type1/public/nanumtype1/nanummjmcf.pfb><c:/texlive/2022/texmf-dist/fonts/type1/public/nanumtype1/nanummjmd0.pfb><c:/texlive/2022/texmf-dist/fonts/type1/public/nanumtype1/nanummjmd1.pfb><c:/texlive/2022/texmf-dist/fonts/type1/public/nanumtype1/nanummjmd2.pfb><c:/texlive/2022/texmf-dist/fonts/type1/public/nanumtype1/nanummjmd3.pfb><c:/texlive/2022/texmf-dist/fonts/type1/public/nanumtype1/nanummjmd4.pfb><c:/texlive/2022/texmf-dist/fonts/type1/public/nanumtype1/nanummjmd5.pfb><c:/texlive/2022/texmf-dist/fonts/type1/public/nanumtype1/nanummjmd6.pfb><c:/texlive/2022/texmf-dist/fonts/type1/public/nanumtype1/nanummjmd7.pfb><c:/texlive/2022/texmf-dist/fonts/type1/public/newtx/txexs.pfb><c:/texlive/2022/texmf-dist/fonts/type1/public/newtx/txmiaX.pfb><c:/texlive/2022/texmf-dist/fonts/type1/public/newtx/txsys.pfb>
Output written on modern_physics_report_1.pdf (14 pages, 32388960 bytes).
PDF statistics:
 718 PDF objects out of 1000 (max. 8388607)
 484 compressed objects within 5 object streams
 96 named destinations out of 1000 (max. 500000)
 245 words of extra memory for PDF output out of 10000 (max. 10000000)

